[2022-07-15 11:07:20] production.NOTICE: Login successful for user "nurulwahdark" from IP 192.168.43.10.  
[2022-08-15 21:19:02] production.NOTICE: Login successful for user "nurulwahdark" from IP 192.168.43.10.  
[2022-08-15 22:21:51] production.ERROR: Class "Memcached" not found {"exception":"[object] (Error(code: 0): Class \"Memcached\" not found at E:\\NET\\XCH\\ixpmanager\\vendor\\laravel\\framework\\src\\Illuminate\\Cache\\MemcachedConnector.php:69)
[stacktrace]
#0 E:\\NET\\XCH\\ixpmanager\\vendor\\laravel\\framework\\src\\Illuminate\\Cache\\MemcachedConnector.php(48): Illuminate\\Cache\\MemcachedConnector->createMemcachedInstance(NULL)
#1 E:\\NET\\XCH\\ixpmanager\\vendor\\laravel\\framework\\src\\Illuminate\\Cache\\MemcachedConnector.php(21): Illuminate\\Cache\\MemcachedConnector->getMemcached(NULL, Array, Array)
#2 E:\\NET\\XCH\\ixpmanager\\vendor\\laravel\\framework\\src\\Illuminate\\Cache\\CacheManager.php(174): Illuminate\\Cache\\MemcachedConnector->connect(Array, NULL, Array, Array)
#3 E:\\NET\\XCH\\ixpmanager\\vendor\\laravel\\framework\\src\\Illuminate\\Cache\\CacheManager.php(107): Illuminate\\Cache\\CacheManager->createMemcachedDriver(Array)
#4 E:\\NET\\XCH\\ixpmanager\\vendor\\laravel\\framework\\src\\Illuminate\\Cache\\CacheManager.php(82): Illuminate\\Cache\\CacheManager->resolve('memcached')
#5 E:\\NET\\XCH\\ixpmanager\\vendor\\laravel\\framework\\src\\Illuminate\\Cache\\CacheManager.php(60): Illuminate\\Cache\\CacheManager->get('memcached')
#6 E:\\NET\\XCH\\ixpmanager\\vendor\\laravel\\framework\\src\\Illuminate\\Cache\\CacheManager.php(418): Illuminate\\Cache\\CacheManager->store()
#7 E:\\NET\\XCH\\ixpmanager\\vendor\\laravel\\telescope\\src\\Watchers\\DumpWatcher.php(43): Illuminate\\Cache\\CacheManager->__call('get', Array)
#8 E:\\NET\\XCH\\ixpmanager\\vendor\\laravel\\telescope\\src\\RegistersWatchers.php(48): Laravel\\Telescope\\Watchers\\DumpWatcher->register(Object(Illuminate\\Foundation\\Application))
#9 E:\\NET\\XCH\\ixpmanager\\vendor\\laravel\\telescope\\src\\Telescope.php(141): Laravel\\Telescope\\Telescope::registerWatchers(Object(Illuminate\\Foundation\\Application))
#10 E:\\NET\\XCH\\ixpmanager\\vendor\\laravel\\telescope\\src\\TelescopeServiceProvider.php(33): Laravel\\Telescope\\Telescope::start(Object(Illuminate\\Foundation\\Application))
#11 E:\\NET\\XCH\\ixpmanager\\vendor\\laravel\\framework\\src\\Illuminate\\Container\\BoundMethod.php(36): Laravel\\Telescope\\TelescopeServiceProvider->boot()
#12 E:\\NET\\XCH\\ixpmanager\\vendor\\laravel\\framework\\src\\Illuminate\\Container\\Util.php(40): Illuminate\\Container\\BoundMethod::Illuminate\\Container\\{closure}()
#13 E:\\NET\\XCH\\ixpmanager\\vendor\\laravel\\framework\\src\\Illuminate\\Container\\BoundMethod.php(93): Illuminate\\Container\\Util::unwrapIfClosure(Object(Closure))
#14 E:\\NET\\XCH\\ixpmanager\\vendor\\laravel\\framework\\src\\Illuminate\\Container\\BoundMethod.php(37): Illuminate\\Container\\BoundMethod::callBoundMethod(Object(Illuminate\\Foundation\\Application), Array, Object(Closure))
#15 E:\\NET\\XCH\\ixpmanager\\vendor\\laravel\\framework\\src\\Illuminate\\Container\\Container.php(653): Illuminate\\Container\\BoundMethod::call(Object(Illuminate\\Foundation\\Application), Array, Array, NULL)
#16 E:\\NET\\XCH\\ixpmanager\\vendor\\laravel\\framework\\src\\Illuminate\\Foundation\\Application.php(914): Illuminate\\Container\\Container->call(Array)
#17 E:\\NET\\XCH\\ixpmanager\\vendor\\laravel\\framework\\src\\Illuminate\\Foundation\\Application.php(895): Illuminate\\Foundation\\Application->bootProvider(Object(Laravel\\Telescope\\TelescopeServiceProvider))
#18 [internal function]: Illuminate\\Foundation\\Application->Illuminate\\Foundation\\{closure}(Object(Laravel\\Telescope\\TelescopeServiceProvider), 21)
#19 E:\\NET\\XCH\\ixpmanager\\vendor\\laravel\\framework\\src\\Illuminate\\Foundation\\Application.php(896): array_walk(Array, Object(Closure))
#20 E:\\NET\\XCH\\ixpmanager\\vendor\\laravel\\framework\\src\\Illuminate\\Foundation\\Bootstrap\\BootProviders.php(17): Illuminate\\Foundation\\Application->boot()
#21 E:\\NET\\XCH\\ixpmanager\\vendor\\laravel\\framework\\src\\Illuminate\\Foundation\\Application.php(237): Illuminate\\Foundation\\Bootstrap\\BootProviders->bootstrap(Object(Illuminate\\Foundation\\Application))
#22 E:\\NET\\XCH\\ixpmanager\\vendor\\laravel\\framework\\src\\Illuminate\\Foundation\\Console\\Kernel.php(310): Illuminate\\Foundation\\Application->bootstrapWith(Array)
#23 E:\\NET\\XCH\\ixpmanager\\vendor\\laravel\\framework\\src\\Illuminate\\Foundation\\Console\\Kernel.php(127): Illuminate\\Foundation\\Console\\Kernel->bootstrap()
#24 E:\\NET\\XCH\\ixpmanager\\artisan(39): Illuminate\\Foundation\\Console\\Kernel->handle(Object(Symfony\\Component\\Console\\Input\\ArgvInput), Object(Symfony\\Component\\Console\\Output\\ConsoleOutput))
#25 {main}
"} 
[2022-08-15 22:21:54] production.ERROR: Class "Memcached" not found {"exception":"[object] (Error(code: 0): Class \"Memcached\" not found at E:\\NET\\XCH\\ixpmanager\\vendor\\laravel\\framework\\src\\Illuminate\\Cache\\MemcachedConnector.php:69)
[stacktrace]
#0 E:\\NET\\XCH\\ixpmanager\\vendor\\laravel\\framework\\src\\Illuminate\\Cache\\MemcachedConnector.php(48): Illuminate\\Cache\\MemcachedConnector->createMemcachedInstance(NULL)
#1 E:\\NET\\XCH\\ixpmanager\\vendor\\laravel\\framework\\src\\Illuminate\\Cache\\MemcachedConnector.php(21): Illuminate\\Cache\\MemcachedConnector->getMemcached(NULL, Array, Array)
#2 E:\\NET\\XCH\\ixpmanager\\vendor\\laravel\\framework\\src\\Illuminate\\Cache\\CacheManager.php(174): Illuminate\\Cache\\MemcachedConnector->connect(Array, NULL, Array, Array)
#3 E:\\NET\\XCH\\ixpmanager\\vendor\\laravel\\framework\\src\\Illuminate\\Cache\\CacheManager.php(107): Illuminate\\Cache\\CacheManager->createMemcachedDriver(Array)
#4 E:\\NET\\XCH\\ixpmanager\\vendor\\laravel\\framework\\src\\Illuminate\\Cache\\CacheManager.php(82): Illuminate\\Cache\\CacheManager->resolve('memcached')
#5 E:\\NET\\XCH\\ixpmanager\\vendor\\laravel\\framework\\src\\Illuminate\\Cache\\CacheManager.php(60): Illuminate\\Cache\\CacheManager->get('memcached')
#6 E:\\NET\\XCH\\ixpmanager\\vendor\\laravel\\framework\\src\\Illuminate\\Cache\\CacheManager.php(418): Illuminate\\Cache\\CacheManager->store()
#7 E:\\NET\\XCH\\ixpmanager\\vendor\\laravel\\telescope\\src\\Watchers\\DumpWatcher.php(43): Illuminate\\Cache\\CacheManager->__call('get', Array)
#8 E:\\NET\\XCH\\ixpmanager\\vendor\\laravel\\telescope\\src\\RegistersWatchers.php(48): Laravel\\Telescope\\Watchers\\DumpWatcher->register(Object(Illuminate\\Foundation\\Application))
#9 E:\\NET\\XCH\\ixpmanager\\vendor\\laravel\\telescope\\src\\Telescope.php(141): Laravel\\Telescope\\Telescope::registerWatchers(Object(Illuminate\\Foundation\\Application))
#10 E:\\NET\\XCH\\ixpmanager\\vendor\\laravel\\telescope\\src\\TelescopeServiceProvider.php(33): Laravel\\Telescope\\Telescope::start(Object(Illuminate\\Foundation\\Application))
#11 E:\\NET\\XCH\\ixpmanager\\vendor\\laravel\\framework\\src\\Illuminate\\Container\\BoundMethod.php(36): Laravel\\Telescope\\TelescopeServiceProvider->boot()
#12 E:\\NET\\XCH\\ixpmanager\\vendor\\laravel\\framework\\src\\Illuminate\\Container\\Util.php(40): Illuminate\\Container\\BoundMethod::Illuminate\\Container\\{closure}()
#13 E:\\NET\\XCH\\ixpmanager\\vendor\\laravel\\framework\\src\\Illuminate\\Container\\BoundMethod.php(93): Illuminate\\Container\\Util::unwrapIfClosure(Object(Closure))
#14 E:\\NET\\XCH\\ixpmanager\\vendor\\laravel\\framework\\src\\Illuminate\\Container\\BoundMethod.php(37): Illuminate\\Container\\BoundMethod::callBoundMethod(Object(Illuminate\\Foundation\\Application), Array, Object(Closure))
#15 E:\\NET\\XCH\\ixpmanager\\vendor\\laravel\\framework\\src\\Illuminate\\Container\\Container.php(653): Illuminate\\Container\\BoundMethod::call(Object(Illuminate\\Foundation\\Application), Array, Array, NULL)
#16 E:\\NET\\XCH\\ixpmanager\\vendor\\laravel\\framework\\src\\Illuminate\\Foundation\\Application.php(914): Illuminate\\Container\\Container->call(Array)
#17 E:\\NET\\XCH\\ixpmanager\\vendor\\laravel\\framework\\src\\Illuminate\\Foundation\\Application.php(895): Illuminate\\Foundation\\Application->bootProvider(Object(Laravel\\Telescope\\TelescopeServiceProvider))
#18 [internal function]: Illuminate\\Foundation\\Application->Illuminate\\Foundation\\{closure}(Object(Laravel\\Telescope\\TelescopeServiceProvider), 21)
#19 E:\\NET\\XCH\\ixpmanager\\vendor\\laravel\\framework\\src\\Illuminate\\Foundation\\Application.php(896): array_walk(Array, Object(Closure))
#20 E:\\NET\\XCH\\ixpmanager\\vendor\\laravel\\framework\\src\\Illuminate\\Foundation\\Bootstrap\\BootProviders.php(17): Illuminate\\Foundation\\Application->boot()
#21 E:\\NET\\XCH\\ixpmanager\\vendor\\laravel\\framework\\src\\Illuminate\\Foundation\\Application.php(237): Illuminate\\Foundation\\Bootstrap\\BootProviders->bootstrap(Object(Illuminate\\Foundation\\Application))
#22 E:\\NET\\XCH\\ixpmanager\\vendor\\laravel\\framework\\src\\Illuminate\\Foundation\\Console\\Kernel.php(310): Illuminate\\Foundation\\Application->bootstrapWith(Array)
#23 E:\\NET\\XCH\\ixpmanager\\vendor\\laravel\\framework\\src\\Illuminate\\Foundation\\Console\\Kernel.php(127): Illuminate\\Foundation\\Console\\Kernel->bootstrap()
#24 E:\\NET\\XCH\\ixpmanager\\artisan(39): Illuminate\\Foundation\\Console\\Kernel->handle(Object(Symfony\\Component\\Console\\Input\\ArgvInput), Object(Symfony\\Component\\Console\\Output\\ConsoleOutput))
#25 {main}
"} 
[2022-08-15 22:25:59] production.ERROR: Class "Memcached" not found {"exception":"[object] (Error(code: 0): Class \"Memcached\" not found at E:\\NET\\XCH\\ixpmanager\\vendor\\laravel\\framework\\src\\Illuminate\\Cache\\MemcachedConnector.php:69)
[stacktrace]
#0 E:\\NET\\XCH\\ixpmanager\\vendor\\laravel\\framework\\src\\Illuminate\\Cache\\MemcachedConnector.php(48): Illuminate\\Cache\\MemcachedConnector->createMemcachedInstance(NULL)
#1 E:\\NET\\XCH\\ixpmanager\\vendor\\laravel\\framework\\src\\Illuminate\\Cache\\MemcachedConnector.php(21): Illuminate\\Cache\\MemcachedConnector->getMemcached(NULL, Array, Array)
#2 E:\\NET\\XCH\\ixpmanager\\vendor\\laravel\\framework\\src\\Illuminate\\Cache\\CacheManager.php(174): Illuminate\\Cache\\MemcachedConnector->connect(Array, NULL, Array, Array)
#3 E:\\NET\\XCH\\ixpmanager\\vendor\\laravel\\framework\\src\\Illuminate\\Cache\\CacheManager.php(107): Illuminate\\Cache\\CacheManager->createMemcachedDriver(Array)
#4 E:\\NET\\XCH\\ixpmanager\\vendor\\laravel\\framework\\src\\Illuminate\\Cache\\CacheManager.php(82): Illuminate\\Cache\\CacheManager->resolve('memcached')
#5 E:\\NET\\XCH\\ixpmanager\\vendor\\laravel\\framework\\src\\Illuminate\\Cache\\CacheManager.php(60): Illuminate\\Cache\\CacheManager->get('memcached')
#6 E:\\NET\\XCH\\ixpmanager\\vendor\\laravel\\framework\\src\\Illuminate\\Cache\\CacheManager.php(418): Illuminate\\Cache\\CacheManager->store()
#7 E:\\NET\\XCH\\ixpmanager\\vendor\\laravel\\telescope\\src\\Watchers\\DumpWatcher.php(43): Illuminate\\Cache\\CacheManager->__call('get', Array)
#8 E:\\NET\\XCH\\ixpmanager\\vendor\\laravel\\telescope\\src\\RegistersWatchers.php(48): Laravel\\Telescope\\Watchers\\DumpWatcher->register(Object(Illuminate\\Foundation\\Application))
#9 E:\\NET\\XCH\\ixpmanager\\vendor\\laravel\\telescope\\src\\Telescope.php(141): Laravel\\Telescope\\Telescope::registerWatchers(Object(Illuminate\\Foundation\\Application))
#10 E:\\NET\\XCH\\ixpmanager\\vendor\\laravel\\telescope\\src\\TelescopeServiceProvider.php(33): Laravel\\Telescope\\Telescope::start(Object(Illuminate\\Foundation\\Application))
#11 E:\\NET\\XCH\\ixpmanager\\vendor\\laravel\\framework\\src\\Illuminate\\Container\\BoundMethod.php(36): Laravel\\Telescope\\TelescopeServiceProvider->boot()
#12 E:\\NET\\XCH\\ixpmanager\\vendor\\laravel\\framework\\src\\Illuminate\\Container\\Util.php(40): Illuminate\\Container\\BoundMethod::Illuminate\\Container\\{closure}()
#13 E:\\NET\\XCH\\ixpmanager\\vendor\\laravel\\framework\\src\\Illuminate\\Container\\BoundMethod.php(93): Illuminate\\Container\\Util::unwrapIfClosure(Object(Closure))
#14 E:\\NET\\XCH\\ixpmanager\\vendor\\laravel\\framework\\src\\Illuminate\\Container\\BoundMethod.php(37): Illuminate\\Container\\BoundMethod::callBoundMethod(Object(Illuminate\\Foundation\\Application), Array, Object(Closure))
#15 E:\\NET\\XCH\\ixpmanager\\vendor\\laravel\\framework\\src\\Illuminate\\Container\\Container.php(653): Illuminate\\Container\\BoundMethod::call(Object(Illuminate\\Foundation\\Application), Array, Array, NULL)
#16 E:\\NET\\XCH\\ixpmanager\\vendor\\laravel\\framework\\src\\Illuminate\\Foundation\\Application.php(914): Illuminate\\Container\\Container->call(Array)
#17 E:\\NET\\XCH\\ixpmanager\\vendor\\laravel\\framework\\src\\Illuminate\\Foundation\\Application.php(895): Illuminate\\Foundation\\Application->bootProvider(Object(Laravel\\Telescope\\TelescopeServiceProvider))
#18 [internal function]: Illuminate\\Foundation\\Application->Illuminate\\Foundation\\{closure}(Object(Laravel\\Telescope\\TelescopeServiceProvider), 21)
#19 E:\\NET\\XCH\\ixpmanager\\vendor\\laravel\\framework\\src\\Illuminate\\Foundation\\Application.php(896): array_walk(Array, Object(Closure))
#20 E:\\NET\\XCH\\ixpmanager\\vendor\\laravel\\framework\\src\\Illuminate\\Foundation\\Bootstrap\\BootProviders.php(17): Illuminate\\Foundation\\Application->boot()
#21 E:\\NET\\XCH\\ixpmanager\\vendor\\laravel\\framework\\src\\Illuminate\\Foundation\\Application.php(237): Illuminate\\Foundation\\Bootstrap\\BootProviders->bootstrap(Object(Illuminate\\Foundation\\Application))
#22 E:\\NET\\XCH\\ixpmanager\\vendor\\laravel\\framework\\src\\Illuminate\\Foundation\\Console\\Kernel.php(310): Illuminate\\Foundation\\Application->bootstrapWith(Array)
#23 E:\\NET\\XCH\\ixpmanager\\vendor\\laravel\\framework\\src\\Illuminate\\Foundation\\Console\\Kernel.php(127): Illuminate\\Foundation\\Console\\Kernel->bootstrap()
#24 E:\\NET\\XCH\\ixpmanager\\artisan(39): Illuminate\\Foundation\\Console\\Kernel->handle(Object(Symfony\\Component\\Console\\Input\\ArgvInput), Object(Symfony\\Component\\Console\\Output\\ConsoleOutput))
#25 {main}
"} 
[2022-08-15 22:28:28] production.ERROR: Class "Memcached" not found {"exception":"[object] (Error(code: 0): Class \"Memcached\" not found at E:\\NET\\XCH\\ixpmanager\\vendor\\laravel\\framework\\src\\Illuminate\\Cache\\MemcachedConnector.php:69)
[stacktrace]
#0 E:\\NET\\XCH\\ixpmanager\\vendor\\laravel\\framework\\src\\Illuminate\\Cache\\MemcachedConnector.php(48): Illuminate\\Cache\\MemcachedConnector->createMemcachedInstance(NULL)
#1 E:\\NET\\XCH\\ixpmanager\\vendor\\laravel\\framework\\src\\Illuminate\\Cache\\MemcachedConnector.php(21): Illuminate\\Cache\\MemcachedConnector->getMemcached(NULL, Array, Array)
#2 E:\\NET\\XCH\\ixpmanager\\vendor\\laravel\\framework\\src\\Illuminate\\Cache\\CacheManager.php(174): Illuminate\\Cache\\MemcachedConnector->connect(Array, NULL, Array, Array)
#3 E:\\NET\\XCH\\ixpmanager\\vendor\\laravel\\framework\\src\\Illuminate\\Cache\\CacheManager.php(107): Illuminate\\Cache\\CacheManager->createMemcachedDriver(Array)
#4 E:\\NET\\XCH\\ixpmanager\\vendor\\laravel\\framework\\src\\Illuminate\\Cache\\CacheManager.php(82): Illuminate\\Cache\\CacheManager->resolve('memcached')
#5 E:\\NET\\XCH\\ixpmanager\\vendor\\laravel\\framework\\src\\Illuminate\\Cache\\CacheManager.php(60): Illuminate\\Cache\\CacheManager->get('memcached')
#6 E:\\NET\\XCH\\ixpmanager\\vendor\\laravel\\framework\\src\\Illuminate\\Cache\\CacheManager.php(418): Illuminate\\Cache\\CacheManager->store()
#7 E:\\NET\\XCH\\ixpmanager\\vendor\\laravel\\telescope\\src\\Watchers\\DumpWatcher.php(43): Illuminate\\Cache\\CacheManager->__call('get', Array)
#8 E:\\NET\\XCH\\ixpmanager\\vendor\\laravel\\telescope\\src\\RegistersWatchers.php(48): Laravel\\Telescope\\Watchers\\DumpWatcher->register(Object(Illuminate\\Foundation\\Application))
#9 E:\\NET\\XCH\\ixpmanager\\vendor\\laravel\\telescope\\src\\Telescope.php(141): Laravel\\Telescope\\Telescope::registerWatchers(Object(Illuminate\\Foundation\\Application))
#10 E:\\NET\\XCH\\ixpmanager\\vendor\\laravel\\telescope\\src\\TelescopeServiceProvider.php(33): Laravel\\Telescope\\Telescope::start(Object(Illuminate\\Foundation\\Application))
#11 E:\\NET\\XCH\\ixpmanager\\vendor\\laravel\\framework\\src\\Illuminate\\Container\\BoundMethod.php(36): Laravel\\Telescope\\TelescopeServiceProvider->boot()
#12 E:\\NET\\XCH\\ixpmanager\\vendor\\laravel\\framework\\src\\Illuminate\\Container\\Util.php(40): Illuminate\\Container\\BoundMethod::Illuminate\\Container\\{closure}()
#13 E:\\NET\\XCH\\ixpmanager\\vendor\\laravel\\framework\\src\\Illuminate\\Container\\BoundMethod.php(93): Illuminate\\Container\\Util::unwrapIfClosure(Object(Closure))
#14 E:\\NET\\XCH\\ixpmanager\\vendor\\laravel\\framework\\src\\Illuminate\\Container\\BoundMethod.php(37): Illuminate\\Container\\BoundMethod::callBoundMethod(Object(Illuminate\\Foundation\\Application), Array, Object(Closure))
#15 E:\\NET\\XCH\\ixpmanager\\vendor\\laravel\\framework\\src\\Illuminate\\Container\\Container.php(653): Illuminate\\Container\\BoundMethod::call(Object(Illuminate\\Foundation\\Application), Array, Array, NULL)
#16 E:\\NET\\XCH\\ixpmanager\\vendor\\laravel\\framework\\src\\Illuminate\\Foundation\\Application.php(914): Illuminate\\Container\\Container->call(Array)
#17 E:\\NET\\XCH\\ixpmanager\\vendor\\laravel\\framework\\src\\Illuminate\\Foundation\\Application.php(895): Illuminate\\Foundation\\Application->bootProvider(Object(Laravel\\Telescope\\TelescopeServiceProvider))
#18 [internal function]: Illuminate\\Foundation\\Application->Illuminate\\Foundation\\{closure}(Object(Laravel\\Telescope\\TelescopeServiceProvider), 21)
#19 E:\\NET\\XCH\\ixpmanager\\vendor\\laravel\\framework\\src\\Illuminate\\Foundation\\Application.php(896): array_walk(Array, Object(Closure))
#20 E:\\NET\\XCH\\ixpmanager\\vendor\\laravel\\framework\\src\\Illuminate\\Foundation\\Bootstrap\\BootProviders.php(17): Illuminate\\Foundation\\Application->boot()
#21 E:\\NET\\XCH\\ixpmanager\\vendor\\laravel\\framework\\src\\Illuminate\\Foundation\\Application.php(237): Illuminate\\Foundation\\Bootstrap\\BootProviders->bootstrap(Object(Illuminate\\Foundation\\Application))
#22 E:\\NET\\XCH\\ixpmanager\\vendor\\laravel\\framework\\src\\Illuminate\\Foundation\\Console\\Kernel.php(310): Illuminate\\Foundation\\Application->bootstrapWith(Array)
#23 E:\\NET\\XCH\\ixpmanager\\vendor\\laravel\\framework\\src\\Illuminate\\Foundation\\Console\\Kernel.php(127): Illuminate\\Foundation\\Console\\Kernel->bootstrap()
#24 E:\\NET\\XCH\\ixpmanager\\artisan(39): Illuminate\\Foundation\\Console\\Kernel->handle(Object(Symfony\\Component\\Console\\Input\\ArgvInput), Object(Symfony\\Component\\Console\\Output\\ConsoleOutput))
#25 {main}
"} 
